<?xml version="1.0" encoding="UTF-8"?>
<!-- Generated by org.testng.reporters.JUnitXMLReporter -->
<testsuite ignored="0" hostname="DESKTOP-IK62798" failures="0" tests="3" name="Default test" time="32.852" errors="0" timestamp="2024-05-20T01:03:24 IST">
  <testcase classname="CreateInsurance" name="loginToInsurance" time="3.064"/>
  <testcase classname="CreateInsurance" name="CreateInsuranceCredit" time="16.331"/>
  <testcase classname="CreateInsurance" name="CreateInsuranceDebit" time="13.324"/>
</testsuite> <!-- Default test -->
