<?xml version="1.0" encoding="UTF-8"?>
<testng-results ignored="0" total="3" passed="3" failed="0" skipped="0">
  <reporter-output>
    <line>
      <![CDATA[------Test Started--------]]>
    </line>
    <line>
      <![CDATA[Login Successful]]>
    </line>
    <line>
      <![CDATA[------Test Started--------]]>
    </line>
    <line>
      <![CDATA[Creating New Insurance]]>
    </line>
    <line>
      <![CDATA[Adding Product Details]]>
    </line>
    <line>
      <![CDATA[Adding Customer Details]]>
    </line>
    <line>
      <![CDATA[Confirming All details]]>
    </line>
    <line>
      <![CDATA[Adding payment details ]]>
    </line>
    <line>
      <![CDATA[Insurance created Successfully with credit card payment]]>
    </line>
    <line>
      <![CDATA[------Test Started--------]]>
    </line>
    <line>
      <![CDATA[Creating New Insurance]]>
    </line>
    <line>
      <![CDATA[Adding Product Details]]>
    </line>
    <line>
      <![CDATA[Adding Customer Details]]>
    </line>
    <line>
      <![CDATA[Confirming Customer Details]]>
    </line>
    <line>
      <![CDATA[Adding Debit Detail]]>
    </line>
    <line>
      <![CDATA[Insurance created Successfully with credit card payment]]>
    </line>
  </reporter-output>
  <suite started-at="2024-05-20T01:02:51 IST" name="Default suite" finished-at="2024-05-20T01:03:24 IST" duration-ms="32852">
    <groups>
    </groups>
    <test started-at="2024-05-20T01:02:51 IST" name="Default test" finished-at="2024-05-20T01:03:24 IST" duration-ms="32852">
      <class name="CreateInsurance">
        <test-method is-config="true" signature="setUp()[pri:0, instance:CreateInsurance@5bf0d49]" started-at="2024-05-20T01:02:45 IST" name="setUp" finished-at="2024-05-20T01:02:51 IST" duration-ms="6305" status="PASS">
          <reporter-output>
          </reporter-output>
        </test-method> <!-- setUp -->
        <test-method is-config="true" signature="pageSetup()[pri:0, instance:CreateInsurance@5bf0d49]" started-at="2024-05-20T01:02:51 IST" name="pageSetup" finished-at="2024-05-20T01:02:51 IST" duration-ms="67" status="PASS">
          <reporter-output>
            <line>
              <![CDATA[------Test Started--------]]>
            </line>
          </reporter-output>
        </test-method> <!-- pageSetup -->
        <test-method signature="loginToInsurance()[pri:0, instance:CreateInsurance@5bf0d49]" started-at="2024-05-20T01:02:51 IST" name="loginToInsurance" finished-at="2024-05-20T01:02:54 IST" duration-ms="3064" status="PASS">
          <reporter-output>
            <line>
              <![CDATA[Login Successful]]>
            </line>
          </reporter-output>
        </test-method> <!-- loginToInsurance -->
        <test-method is-config="true" signature="pageSetup()[pri:0, instance:CreateInsurance@5bf0d49]" started-at="2024-05-20T01:02:54 IST" name="pageSetup" finished-at="2024-05-20T01:02:54 IST" duration-ms="2" status="PASS">
          <reporter-output>
            <line>
              <![CDATA[------Test Started--------]]>
            </line>
          </reporter-output>
        </test-method> <!-- pageSetup -->
        <test-method signature="CreateInsuranceCredit()[pri:1, instance:CreateInsurance@5bf0d49]" started-at="2024-05-20T01:02:54 IST" name="CreateInsuranceCredit" finished-at="2024-05-20T01:03:11 IST" duration-ms="16331" status="PASS">
          <reporter-output>
            <line>
              <![CDATA[Creating New Insurance]]>
            </line>
            <line>
              <![CDATA[Adding Product Details]]>
            </line>
            <line>
              <![CDATA[Adding Customer Details]]>
            </line>
            <line>
              <![CDATA[Confirming All details]]>
            </line>
            <line>
              <![CDATA[Adding payment details ]]>
            </line>
            <line>
              <![CDATA[Insurance created Successfully with credit card payment]]>
            </line>
          </reporter-output>
        </test-method> <!-- CreateInsuranceCredit -->
        <test-method is-config="true" signature="pageSetup()[pri:0, instance:CreateInsurance@5bf0d49]" started-at="2024-05-20T01:03:11 IST" name="pageSetup" finished-at="2024-05-20T01:03:11 IST" duration-ms="15" status="PASS">
          <reporter-output>
            <line>
              <![CDATA[------Test Started--------]]>
            </line>
          </reporter-output>
        </test-method> <!-- pageSetup -->
        <test-method signature="CreateInsuranceDebit()[pri:2, instance:CreateInsurance@5bf0d49]" started-at="2024-05-20T01:03:11 IST" name="CreateInsuranceDebit" finished-at="2024-05-20T01:03:24 IST" duration-ms="13324" status="PASS">
          <reporter-output>
            <line>
              <![CDATA[Creating New Insurance]]>
            </line>
            <line>
              <![CDATA[Adding Product Details]]>
            </line>
            <line>
              <![CDATA[Adding Customer Details]]>
            </line>
            <line>
              <![CDATA[Confirming Customer Details]]>
            </line>
            <line>
              <![CDATA[Adding Debit Detail]]>
            </line>
            <line>
              <![CDATA[Insurance created Successfully with credit card payment]]>
            </line>
          </reporter-output>
        </test-method> <!-- CreateInsuranceDebit -->
        <test-method is-config="true" signature="tearDown()[pri:0, instance:CreateInsurance@5bf0d49]" started-at="2024-05-20T01:03:24 IST" name="tearDown" finished-at="2024-05-20T01:03:24 IST" duration-ms="319" status="PASS">
          <reporter-output>
          </reporter-output>
        </test-method> <!-- tearDown -->
      </class> <!-- CreateInsurance -->
    </test> <!-- Default test -->
  </suite> <!-- Default suite -->
</testng-results>
